<?xml version="1.0" encoding="UTF-8"?>
<testsuite name="Crazy8.HandTest" tests="4" skipped="0" failures="0" errors="0" timestamp="2024-04-11T07:37:47" hostname="clayk-M1" time="0.004">
  <properties/>
  <testcase name="testAdd()" classname="Crazy8.HandTest" time="0.001"/>
  <testcase name="testClear()" classname="Crazy8.HandTest" time="0.0"/>
  <testcase name="testHand()" classname="Crazy8.HandTest" time="0.0"/>
  <testcase name="testRemove()" classname="Crazy8.HandTest" time="0.0"/>
  <system-out><![CDATA[]]></system-out>
  <system-err><![CDATA[]]></system-err>
</testsuite>
